<?xml version="1.0" encoding="UTF-8"?>
<testsuite xmlns:xsi="http://www.w3.org/2001/XMLSchema-instance" xsi:noNamespaceSchemaLocation="https://maven.apache.org/surefire/maven-surefire-plugin/xsd/surefire-test-report-3.0.xsd" version="3.0" name="StepDefinitions.TestRunner" time="29.191" tests="0" errors="0" skipped="0" failures="0">
  <properties>
    <property name="java.specification.version" value="19"/>
    <property name="webdriver.chrome.driver" value="/Users/naufalazhar/Documents/ChromeDriver/chromedriver"/>
    <property name="sun.jnu.encoding" value="UTF-8"/>
    <property name="java.class.path" value="/Users/naufalazhar/Documents/NAUFAL_AZHAR/ECLIPSE/WORK_SPACE/LOGIN/target/test-classes:/Users/naufalazhar/Documents/NAUFAL_AZHAR/ECLIPSE/WORK_SPACE/LOGIN/target/classes:/Users/naufalazhar/.m2/repository/io/cucumber/cucumber-java/7.10.1/cucumber-java-7.10.1.jar:/Users/naufalazhar/.m2/repository/io/cucumber/cucumber-core/7.10.1/cucumber-core-7.10.1.jar:/Users/naufalazhar/.m2/repository/io/cucumber/cucumber-gherkin/7.10.1/cucumber-gherkin-7.10.1.jar:/Users/naufalazhar/.m2/repository/io/cucumber/cucumber-gherkin-messages/7.10.1/cucumber-gherkin-messages-7.10.1.jar:/Users/naufalazhar/.m2/repository/io/cucumber/gherkin/25.0.2/gherkin-25.0.2.jar:/Users/naufalazhar/.m2/repository/io/cucumber/messages/19.1.4/messages-19.1.4.jar:/Users/naufalazhar/.m2/repository/io/cucumber/tag-expressions/4.1.0/tag-expressions-4.1.0.jar:/Users/naufalazhar/.m2/repository/io/cucumber/cucumber-expressions/16.1.1/cucumber-expressions-16.1.1.jar:/Users/naufalazhar/.m2/repository/io/cucumber/datatable/7.10.1/datatable-7.10.1.jar:/Users/naufalazhar/.m2/repository/io/cucumber/cucumber-plugin/7.10.1/cucumber-plugin-7.10.1.jar:/Users/naufalazhar/.m2/repository/io/cucumber/docstring/7.10.1/docstring-7.10.1.jar:/Users/naufalazhar/.m2/repository/io/cucumber/html-formatter/20.2.0/html-formatter-20.2.0.jar:/Users/naufalazhar/.m2/repository/io/cucumber/ci-environment/9.1.0/ci-environment-9.1.0.jar:/Users/naufalazhar/.m2/repository/org/apiguardian/apiguardian-api/1.1.2/apiguardian-api-1.1.2.jar:/Users/naufalazhar/.m2/repository/junit/junit/4.13.2/junit-4.13.2.jar:/Users/naufalazhar/.m2/repository/org/hamcrest/hamcrest-core/1.3/hamcrest-core-1.3.jar:/Users/naufalazhar/.m2/repository/io/cucumber/cucumber-junit/7.10.1/cucumber-junit-7.10.1.jar:/Users/naufalazhar/.m2/repository/io/cucumber/cucumber-testng/7.10.1/cucumber-testng-7.10.1.jar:/Users/naufalazhar/.m2/repository/org/seleniumhq/selenium/selenium-java/3.141.59/selenium-java-3.141.59.jar:/Users/naufalazhar/.m2/repository/org/seleniumhq/selenium/selenium-api/3.141.59/selenium-api-3.141.59.jar:/Users/naufalazhar/.m2/repository/org/seleniumhq/selenium/selenium-chrome-driver/3.141.59/selenium-chrome-driver-3.141.59.jar:/Users/naufalazhar/.m2/repository/org/seleniumhq/selenium/selenium-edge-driver/3.141.59/selenium-edge-driver-3.141.59.jar:/Users/naufalazhar/.m2/repository/org/seleniumhq/selenium/selenium-firefox-driver/3.141.59/selenium-firefox-driver-3.141.59.jar:/Users/naufalazhar/.m2/repository/org/seleniumhq/selenium/selenium-ie-driver/3.141.59/selenium-ie-driver-3.141.59.jar:/Users/naufalazhar/.m2/repository/org/seleniumhq/selenium/selenium-opera-driver/3.141.59/selenium-opera-driver-3.141.59.jar:/Users/naufalazhar/.m2/repository/org/seleniumhq/selenium/selenium-remote-driver/3.141.59/selenium-remote-driver-3.141.59.jar:/Users/naufalazhar/.m2/repository/org/seleniumhq/selenium/selenium-safari-driver/3.141.59/selenium-safari-driver-3.141.59.jar:/Users/naufalazhar/.m2/repository/org/seleniumhq/selenium/selenium-support/3.141.59/selenium-support-3.141.59.jar:/Users/naufalazhar/.m2/repository/net/bytebuddy/byte-buddy/1.8.15/byte-buddy-1.8.15.jar:/Users/naufalazhar/.m2/repository/org/apache/commons/commons-exec/1.3/commons-exec-1.3.jar:/Users/naufalazhar/.m2/repository/com/google/guava/guava/25.0-jre/guava-25.0-jre.jar:/Users/naufalazhar/.m2/repository/com/google/code/findbugs/jsr305/1.3.9/jsr305-1.3.9.jar:/Users/naufalazhar/.m2/repository/org/checkerframework/checker-compat-qual/2.0.0/checker-compat-qual-2.0.0.jar:/Users/naufalazhar/.m2/repository/com/google/errorprone/error_prone_annotations/2.1.3/error_prone_annotations-2.1.3.jar:/Users/naufalazhar/.m2/repository/com/google/j2objc/j2objc-annotations/1.1/j2objc-annotations-1.1.jar:/Users/naufalazhar/.m2/repository/org/codehaus/mojo/animal-sniffer-annotations/1.14/animal-sniffer-annotations-1.14.jar:/Users/naufalazhar/.m2/repository/com/squareup/okhttp3/okhttp/3.11.0/okhttp-3.11.0.jar:/Users/naufalazhar/.m2/repository/com/squareup/okio/okio/1.14.0/okio-1.14.0.jar:/Users/naufalazhar/.m2/repository/org/testng/testng/6.14.3/testng-6.14.3.jar:/Users/naufalazhar/.m2/repository/com/beust/jcommander/1.72/jcommander-1.72.jar:/Users/naufalazhar/.m2/repository/org/apache-extras/beanshell/bsh/2.0b6/bsh-2.0b6.jar:/Users/naufalazhar/.m2/repository/com/aventstack/extentreports/3.1.5/extentreports-3.1.5.jar:/Users/naufalazhar/.m2/repository/org/freemarker/freemarker/2.3.23/freemarker-2.3.23.jar:/Users/naufalazhar/.m2/repository/org/mongodb/mongodb-driver/3.3.0/mongodb-driver-3.3.0.jar:/Users/naufalazhar/.m2/repository/org/mongodb/bson/3.3.0/bson-3.3.0.jar:/Users/naufalazhar/.m2/repository/org/mongodb/mongodb-driver-core/3.3.0/mongodb-driver-core-3.3.0.jar:/Users/naufalazhar/.m2/repository/org/apache/httpcomponents/httpclient/4.5.2/httpclient-4.5.2.jar:/Users/naufalazhar/.m2/repository/org/apache/httpcomponents/httpcore/4.4.4/httpcore-4.4.4.jar:/Users/naufalazhar/.m2/repository/commons-logging/commons-logging/1.2/commons-logging-1.2.jar:/Users/naufalazhar/.m2/repository/commons-codec/commons-codec/1.9/commons-codec-1.9.jar:/Users/naufalazhar/.m2/repository/org/apache/httpcomponents/httpmime/4.5.2/httpmime-4.5.2.jar:/Users/naufalazhar/.m2/repository/org/jsoup/jsoup/1.9.2/jsoup-1.9.2.jar:/Users/naufalazhar/.m2/repository/com/google/code/gson/gson/2.8.0/gson-2.8.0.jar:/Users/naufalazhar/.m2/repository/io/qameta/allure/allure-testng/2.13.2/allure-testng-2.13.2.jar:/Users/naufalazhar/.m2/repository/io/qameta/allure/allure-java-commons/2.13.2/allure-java-commons-2.13.2.jar:/Users/naufalazhar/.m2/repository/io/qameta/allure/allure-model/2.13.2/allure-model-2.13.2.jar:/Users/naufalazhar/.m2/repository/org/apache/tika/tika-core/1.20/tika-core-1.20.jar:/Users/naufalazhar/.m2/repository/org/jooq/joor-java-8/0.9.10/joor-java-8-0.9.10.jar:/Users/naufalazhar/.m2/repository/io/qameta/allure/allure-cucumber4-jvm/2.13.6/allure-cucumber4-jvm-2.13.6.jar:/Users/naufalazhar/.m2/repository/io/qameta/allure/allure-junit4/2.13.6/allure-junit4-2.13.6.jar:/Users/naufalazhar/.m2/repository/org/slf4j/slf4j-api/1.7.5/slf4j-api-1.7.5.jar:/Users/naufalazhar/.m2/repository/org/slf4j/slf4j-simple/1.6.4/slf4j-simple-1.6.4.jar:/Users/naufalazhar/.m2/repository/org/apache/maven/plugins/maven-surefire-plugin/3.0.0-M8/maven-surefire-plugin-3.0.0-M8.jar:/Users/naufalazhar/.m2/repository/org/apache/maven/surefire/maven-surefire-common/3.0.0-M8/maven-surefire-common-3.0.0-M8.jar:/Users/naufalazhar/.m2/repository/org/apache/maven/surefire/surefire-api/3.0.0-M8/surefire-api-3.0.0-M8.jar:/Users/naufalazhar/.m2/repository/org/apache/maven/surefire/surefire-logger-api/3.0.0-M8/surefire-logger-api-3.0.0-M8.jar:/Users/naufalazhar/.m2/repository/org/apache/maven/surefire/surefire-extensions-api/3.0.0-M8/surefire-extensions-api-3.0.0-M8.jar:/Users/naufalazhar/.m2/repository/org/apache/maven/surefire/surefire-booter/3.0.0-M8/surefire-booter-3.0.0-M8.jar:/Users/naufalazhar/.m2/repository/org/apache/maven/surefire/surefire-extensions-spi/3.0.0-M8/surefire-extensions-spi-3.0.0-M8.jar:/Users/naufalazhar/.m2/repository/org/apache/maven/shared/maven-common-artifact-filters/3.1.1/maven-common-artifact-filters-3.1.1.jar:/Users/naufalazhar/.m2/repository/org/apache/maven/maven-core/3.1.0/maven-core-3.1.0.jar:/Users/naufalazhar/.m2/repository/org/apache/maven/maven-settings/3.1.0/maven-settings-3.1.0.jar:/Users/naufalazhar/.m2/repository/org/apache/maven/maven-settings-builder/3.1.0/maven-settings-builder-3.1.0.jar:/Users/naufalazhar/.m2/repository/org/apache/maven/maven-repository-metadata/3.1.0/maven-repository-metadata-3.1.0.jar:/Users/naufalazhar/.m2/repository/org/apache/maven/maven-model-builder/3.1.0/maven-model-builder-3.1.0.jar:/Users/naufalazhar/.m2/repository/org/apache/maven/maven-aether-provider/3.1.0/maven-aether-provider-3.1.0.jar:/Users/naufalazhar/.m2/repository/org/eclipse/aether/aether-spi/0.9.0.M2/aether-spi-0.9.0.M2.jar:/Users/naufalazhar/.m2/repository/org/eclipse/aether/aether-impl/0.9.0.M2/aether-impl-0.9.0.M2.jar:/Users/naufalazhar/.m2/repository/org/eclipse/aether/aether-api/0.9.0.M2/aether-api-0.9.0.M2.jar:/Users/naufalazhar/.m2/repository/org/eclipse/aether/aether-util/0.9.0.M2/aether-util-0.9.0.M2.jar:/Users/naufalazhar/.m2/repository/org/codehaus/plexus/plexus-interpolation/1.16/plexus-interpolation-1.16.jar:/Users/naufalazhar/.m2/repository/org/sonatype/plexus/plexus-sec-dispatcher/1.3/plexus-sec-dispatcher-1.3.jar:/Users/naufalazhar/.m2/repository/org/sonatype/plexus/plexus-cipher/1.4/plexus-cipher-1.4.jar:/Users/naufalazhar/.m2/repository/org/codehaus/plexus/plexus-java/1.1.2/plexus-java-1.1.2.jar:/Users/naufalazhar/.m2/repository/org/ow2/asm/asm/9.4/asm-9.4.jar:/Users/naufalazhar/.m2/repository/com/thoughtworks/qdox/qdox/2.0.3/qdox-2.0.3.jar:/Users/naufalazhar/.m2/repository/org/apache/maven/surefire/surefire-shared-utils/3.0.0-M8/surefire-shared-utils-3.0.0-M8.jar:/Users/naufalazhar/.m2/repository/net/masterthought/cucumber-reporting/5.6.1/cucumber-reporting-5.6.1.jar:/Users/naufalazhar/.m2/repository/com/fasterxml/jackson/core/jackson-databind/2.12.1/jackson-databind-2.12.1.jar:/Users/naufalazhar/.m2/repository/com/fasterxml/jackson/core/jackson-annotations/2.12.1/jackson-annotations-2.12.1.jar:/Users/naufalazhar/.m2/repository/com/fasterxml/jackson/core/jackson-core/2.12.1/jackson-core-2.12.1.jar:/Users/naufalazhar/.m2/repository/com/fasterxml/jackson/datatype/jackson-datatype-jsr310/2.12.1/jackson-datatype-jsr310-2.12.1.jar:/Users/naufalazhar/.m2/repository/org/apache/velocity/velocity-engine-core/2.3/velocity-engine-core-2.3.jar:/Users/naufalazhar/.m2/repository/commons-collections/commons-collections/3.2.2/commons-collections-3.2.2.jar:/Users/naufalazhar/.m2/repository/joda-time/joda-time/2.10.10/joda-time-2.10.10.jar:/Users/naufalazhar/.m2/repository/org/apache/commons/commons-lang3/3.12.0/commons-lang3-3.12.0.jar:/Users/naufalazhar/.m2/repository/commons-io/commons-io/2.7/commons-io-2.7.jar:/Users/naufalazhar/.m2/repository/org/codehaus/plexus/plexus-utils/3.3.0/plexus-utils-3.3.0.jar:/Users/naufalazhar/.m2/repository/com/googlecode/owasp-java-html-sanitizer/owasp-java-html-sanitizer/20211018.2/owasp-java-html-sanitizer-20211018.2.jar:/Users/naufalazhar/.m2/repository/commons-configuration/commons-configuration/1.10/commons-configuration-1.10.jar:/Users/naufalazhar/.m2/repository/commons-lang/commons-lang/2.6/commons-lang-2.6.jar:/Users/naufalazhar/.m2/repository/net/masterthought/maven-cucumber-reporting/5.7.4/maven-cucumber-reporting-5.7.4.jar:/Users/naufalazhar/.m2/repository/org/apache/maven/maven-plugin-api/3.8.6/maven-plugin-api-3.8.6.jar:/Users/naufalazhar/.m2/repository/org/apache/maven/maven-model/3.8.6/maven-model-3.8.6.jar:/Users/naufalazhar/.m2/repository/org/apache/maven/maven-artifact/3.8.6/maven-artifact-3.8.6.jar:/Users/naufalazhar/.m2/repository/org/eclipse/sisu/org.eclipse.sisu.plexus/0.3.5/org.eclipse.sisu.plexus-0.3.5.jar:/Users/naufalazhar/.m2/repository/javax/annotation/javax.annotation-api/1.2/javax.annotation-api-1.2.jar:/Users/naufalazhar/.m2/repository/org/eclipse/sisu/org.eclipse.sisu.inject/0.3.5/org.eclipse.sisu.inject-0.3.5.jar:/Users/naufalazhar/.m2/repository/org/codehaus/plexus/plexus-component-annotations/1.5.5/plexus-component-annotations-1.5.5.jar:/Users/naufalazhar/.m2/repository/org/codehaus/plexus/plexus-classworlds/2.6.0/plexus-classworlds-2.6.0.jar:"/>
    <property name="java.vm.vendor" value="Oracle Corporation"/>
    <property name="sun.arch.data.model" value="64"/>
    <property name="java.vendor.url" value="https://java.oracle.com/"/>
    <property name="user.timezone" value="Asia/Jakarta"/>
    <property name="os.name" value="Mac OS X"/>
    <property name="java.vm.specification.version" value="19"/>
    <property name="webdriver.chrome.silentOutput" value="true"/>
    <property name="sun.java.launcher" value="SUN_STANDARD"/>
    <property name="user.country" value="GB"/>
    <property name="sun.boot.library.path" value="/Library/Java/JavaVirtualMachines/jdk-19.jdk/Contents/Home/lib"/>
    <property name="sun.java.command" value="/Users/naufalazhar/Documents/NAUFAL_AZHAR/ECLIPSE/WORK_SPACE/LOGIN/target/surefire/surefirebooter-20230302131426285_3.jar /Users/naufalazhar/Documents/NAUFAL_AZHAR/ECLIPSE/WORK_SPACE/LOGIN/target/surefire 2023-03-02T13-14-26_201-jvmRun1 surefire-20230302131426285_1tmp surefire_0-20230302131426285_2tmp"/>
    <property name="http.nonProxyHosts" value="local|*.local|169.254/16|*.169.254/16"/>
    <property name="jdk.debug" value="release"/>
    <property name="surefire.test.class.path" value="/Users/naufalazhar/Documents/NAUFAL_AZHAR/ECLIPSE/WORK_SPACE/LOGIN/target/test-classes:/Users/naufalazhar/Documents/NAUFAL_AZHAR/ECLIPSE/WORK_SPACE/LOGIN/target/classes:/Users/naufalazhar/.m2/repository/io/cucumber/cucumber-java/7.10.1/cucumber-java-7.10.1.jar:/Users/naufalazhar/.m2/repository/io/cucumber/cucumber-core/7.10.1/cucumber-core-7.10.1.jar:/Users/naufalazhar/.m2/repository/io/cucumber/cucumber-gherkin/7.10.1/cucumber-gherkin-7.10.1.jar:/Users/naufalazhar/.m2/repository/io/cucumber/cucumber-gherkin-messages/7.10.1/cucumber-gherkin-messages-7.10.1.jar:/Users/naufalazhar/.m2/repository/io/cucumber/gherkin/25.0.2/gherkin-25.0.2.jar:/Users/naufalazhar/.m2/repository/io/cucumber/messages/19.1.4/messages-19.1.4.jar:/Users/naufalazhar/.m2/repository/io/cucumber/tag-expressions/4.1.0/tag-expressions-4.1.0.jar:/Users/naufalazhar/.m2/repository/io/cucumber/cucumber-expressions/16.1.1/cucumber-expressions-16.1.1.jar:/Users/naufalazhar/.m2/repository/io/cucumber/datatable/7.10.1/datatable-7.10.1.jar:/Users/naufalazhar/.m2/repository/io/cucumber/cucumber-plugin/7.10.1/cucumber-plugin-7.10.1.jar:/Users/naufalazhar/.m2/repository/io/cucumber/docstring/7.10.1/docstring-7.10.1.jar:/Users/naufalazhar/.m2/repository/io/cucumber/html-formatter/20.2.0/html-formatter-20.2.0.jar:/Users/naufalazhar/.m2/repository/io/cucumber/ci-environment/9.1.0/ci-environment-9.1.0.jar:/Users/naufalazhar/.m2/repository/org/apiguardian/apiguardian-api/1.1.2/apiguardian-api-1.1.2.jar:/Users/naufalazhar/.m2/repository/junit/junit/4.13.2/junit-4.13.2.jar:/Users/naufalazhar/.m2/repository/org/hamcrest/hamcrest-core/1.3/hamcrest-core-1.3.jar:/Users/naufalazhar/.m2/repository/io/cucumber/cucumber-junit/7.10.1/cucumber-junit-7.10.1.jar:/Users/naufalazhar/.m2/repository/io/cucumber/cucumber-testng/7.10.1/cucumber-testng-7.10.1.jar:/Users/naufalazhar/.m2/repository/org/seleniumhq/selenium/selenium-java/3.141.59/selenium-java-3.141.59.jar:/Users/naufalazhar/.m2/repository/org/seleniumhq/selenium/selenium-api/3.141.59/selenium-api-3.141.59.jar:/Users/naufalazhar/.m2/repository/org/seleniumhq/selenium/selenium-chrome-driver/3.141.59/selenium-chrome-driver-3.141.59.jar:/Users/naufalazhar/.m2/repository/org/seleniumhq/selenium/selenium-edge-driver/3.141.59/selenium-edge-driver-3.141.59.jar:/Users/naufalazhar/.m2/repository/org/seleniumhq/selenium/selenium-firefox-driver/3.141.59/selenium-firefox-driver-3.141.59.jar:/Users/naufalazhar/.m2/repository/org/seleniumhq/selenium/selenium-ie-driver/3.141.59/selenium-ie-driver-3.141.59.jar:/Users/naufalazhar/.m2/repository/org/seleniumhq/selenium/selenium-opera-driver/3.141.59/selenium-opera-driver-3.141.59.jar:/Users/naufalazhar/.m2/repository/org/seleniumhq/selenium/selenium-remote-driver/3.141.59/selenium-remote-driver-3.141.59.jar:/Users/naufalazhar/.m2/repository/org/seleniumhq/selenium/selenium-safari-driver/3.141.59/selenium-safari-driver-3.141.59.jar:/Users/naufalazhar/.m2/repository/org/seleniumhq/selenium/selenium-support/3.141.59/selenium-support-3.141.59.jar:/Users/naufalazhar/.m2/repository/net/bytebuddy/byte-buddy/1.8.15/byte-buddy-1.8.15.jar:/Users/naufalazhar/.m2/repository/org/apache/commons/commons-exec/1.3/commons-exec-1.3.jar:/Users/naufalazhar/.m2/repository/com/google/guava/guava/25.0-jre/guava-25.0-jre.jar:/Users/naufalazhar/.m2/repository/com/google/code/findbugs/jsr305/1.3.9/jsr305-1.3.9.jar:/Users/naufalazhar/.m2/repository/org/checkerframework/checker-compat-qual/2.0.0/checker-compat-qual-2.0.0.jar:/Users/naufalazhar/.m2/repository/com/google/errorprone/error_prone_annotations/2.1.3/error_prone_annotations-2.1.3.jar:/Users/naufalazhar/.m2/repository/com/google/j2objc/j2objc-annotations/1.1/j2objc-annotations-1.1.jar:/Users/naufalazhar/.m2/repository/org/codehaus/mojo/animal-sniffer-annotations/1.14/animal-sniffer-annotations-1.14.jar:/Users/naufalazhar/.m2/repository/com/squareup/okhttp3/okhttp/3.11.0/okhttp-3.11.0.jar:/Users/naufalazhar/.m2/repository/com/squareup/okio/okio/1.14.0/okio-1.14.0.jar:/Users/naufalazhar/.m2/repository/org/testng/testng/6.14.3/testng-6.14.3.jar:/Users/naufalazhar/.m2/repository/com/beust/jcommander/1.72/jcommander-1.72.jar:/Users/naufalazhar/.m2/repository/org/apache-extras/beanshell/bsh/2.0b6/bsh-2.0b6.jar:/Users/naufalazhar/.m2/repository/com/aventstack/extentreports/3.1.5/extentreports-3.1.5.jar:/Users/naufalazhar/.m2/repository/org/freemarker/freemarker/2.3.23/freemarker-2.3.23.jar:/Users/naufalazhar/.m2/repository/org/mongodb/mongodb-driver/3.3.0/mongodb-driver-3.3.0.jar:/Users/naufalazhar/.m2/repository/org/mongodb/bson/3.3.0/bson-3.3.0.jar:/Users/naufalazhar/.m2/repository/org/mongodb/mongodb-driver-core/3.3.0/mongodb-driver-core-3.3.0.jar:/Users/naufalazhar/.m2/repository/org/apache/httpcomponents/httpclient/4.5.2/httpclient-4.5.2.jar:/Users/naufalazhar/.m2/repository/org/apache/httpcomponents/httpcore/4.4.4/httpcore-4.4.4.jar:/Users/naufalazhar/.m2/repository/commons-logging/commons-logging/1.2/commons-logging-1.2.jar:/Users/naufalazhar/.m2/repository/commons-codec/commons-codec/1.9/commons-codec-1.9.jar:/Users/naufalazhar/.m2/repository/org/apache/httpcomponents/httpmime/4.5.2/httpmime-4.5.2.jar:/Users/naufalazhar/.m2/repository/org/jsoup/jsoup/1.9.2/jsoup-1.9.2.jar:/Users/naufalazhar/.m2/repository/com/google/code/gson/gson/2.8.0/gson-2.8.0.jar:/Users/naufalazhar/.m2/repository/io/qameta/allure/allure-testng/2.13.2/allure-testng-2.13.2.jar:/Users/naufalazhar/.m2/repository/io/qameta/allure/allure-java-commons/2.13.2/allure-java-commons-2.13.2.jar:/Users/naufalazhar/.m2/repository/io/qameta/allure/allure-model/2.13.2/allure-model-2.13.2.jar:/Users/naufalazhar/.m2/repository/org/apache/tika/tika-core/1.20/tika-core-1.20.jar:/Users/naufalazhar/.m2/repository/org/jooq/joor-java-8/0.9.10/joor-java-8-0.9.10.jar:/Users/naufalazhar/.m2/repository/io/qameta/allure/allure-cucumber4-jvm/2.13.6/allure-cucumber4-jvm-2.13.6.jar:/Users/naufalazhar/.m2/repository/io/qameta/allure/allure-junit4/2.13.6/allure-junit4-2.13.6.jar:/Users/naufalazhar/.m2/repository/org/slf4j/slf4j-api/1.7.5/slf4j-api-1.7.5.jar:/Users/naufalazhar/.m2/repository/org/slf4j/slf4j-simple/1.6.4/slf4j-simple-1.6.4.jar:/Users/naufalazhar/.m2/repository/org/apache/maven/plugins/maven-surefire-plugin/3.0.0-M8/maven-surefire-plugin-3.0.0-M8.jar:/Users/naufalazhar/.m2/repository/org/apache/maven/surefire/maven-surefire-common/3.0.0-M8/maven-surefire-common-3.0.0-M8.jar:/Users/naufalazhar/.m2/repository/org/apache/maven/surefire/surefire-api/3.0.0-M8/surefire-api-3.0.0-M8.jar:/Users/naufalazhar/.m2/repository/org/apache/maven/surefire/surefire-logger-api/3.0.0-M8/surefire-logger-api-3.0.0-M8.jar:/Users/naufalazhar/.m2/repository/org/apache/maven/surefire/surefire-extensions-api/3.0.0-M8/surefire-extensions-api-3.0.0-M8.jar:/Users/naufalazhar/.m2/repository/org/apache/maven/surefire/surefire-booter/3.0.0-M8/surefire-booter-3.0.0-M8.jar:/Users/naufalazhar/.m2/repository/org/apache/maven/surefire/surefire-extensions-spi/3.0.0-M8/surefire-extensions-spi-3.0.0-M8.jar:/Users/naufalazhar/.m2/repository/org/apache/maven/shared/maven-common-artifact-filters/3.1.1/maven-common-artifact-filters-3.1.1.jar:/Users/naufalazhar/.m2/repository/org/apache/maven/maven-core/3.1.0/maven-core-3.1.0.jar:/Users/naufalazhar/.m2/repository/org/apache/maven/maven-settings/3.1.0/maven-settings-3.1.0.jar:/Users/naufalazhar/.m2/repository/org/apache/maven/maven-settings-builder/3.1.0/maven-settings-builder-3.1.0.jar:/Users/naufalazhar/.m2/repository/org/apache/maven/maven-repository-metadata/3.1.0/maven-repository-metadata-3.1.0.jar:/Users/naufalazhar/.m2/repository/org/apache/maven/maven-model-builder/3.1.0/maven-model-builder-3.1.0.jar:/Users/naufalazhar/.m2/repository/org/apache/maven/maven-aether-provider/3.1.0/maven-aether-provider-3.1.0.jar:/Users/naufalazhar/.m2/repository/org/eclipse/aether/aether-spi/0.9.0.M2/aether-spi-0.9.0.M2.jar:/Users/naufalazhar/.m2/repository/org/eclipse/aether/aether-impl/0.9.0.M2/aether-impl-0.9.0.M2.jar:/Users/naufalazhar/.m2/repository/org/eclipse/aether/aether-api/0.9.0.M2/aether-api-0.9.0.M2.jar:/Users/naufalazhar/.m2/repository/org/eclipse/aether/aether-util/0.9.0.M2/aether-util-0.9.0.M2.jar:/Users/naufalazhar/.m2/repository/org/codehaus/plexus/plexus-interpolation/1.16/plexus-interpolation-1.16.jar:/Users/naufalazhar/.m2/repository/org/sonatype/plexus/plexus-sec-dispatcher/1.3/plexus-sec-dispatcher-1.3.jar:/Users/naufalazhar/.m2/repository/org/sonatype/plexus/plexus-cipher/1.4/plexus-cipher-1.4.jar:/Users/naufalazhar/.m2/repository/org/codehaus/plexus/plexus-java/1.1.2/plexus-java-1.1.2.jar:/Users/naufalazhar/.m2/repository/org/ow2/asm/asm/9.4/asm-9.4.jar:/Users/naufalazhar/.m2/repository/com/thoughtworks/qdox/qdox/2.0.3/qdox-2.0.3.jar:/Users/naufalazhar/.m2/repository/org/apache/maven/surefire/surefire-shared-utils/3.0.0-M8/surefire-shared-utils-3.0.0-M8.jar:/Users/naufalazhar/.m2/repository/net/masterthought/cucumber-reporting/5.6.1/cucumber-reporting-5.6.1.jar:/Users/naufalazhar/.m2/repository/com/fasterxml/jackson/core/jackson-databind/2.12.1/jackson-databind-2.12.1.jar:/Users/naufalazhar/.m2/repository/com/fasterxml/jackson/core/jackson-annotations/2.12.1/jackson-annotations-2.12.1.jar:/Users/naufalazhar/.m2/repository/com/fasterxml/jackson/core/jackson-core/2.12.1/jackson-core-2.12.1.jar:/Users/naufalazhar/.m2/repository/com/fasterxml/jackson/datatype/jackson-datatype-jsr310/2.12.1/jackson-datatype-jsr310-2.12.1.jar:/Users/naufalazhar/.m2/repository/org/apache/velocity/velocity-engine-core/2.3/velocity-engine-core-2.3.jar:/Users/naufalazhar/.m2/repository/commons-collections/commons-collections/3.2.2/commons-collections-3.2.2.jar:/Users/naufalazhar/.m2/repository/joda-time/joda-time/2.10.10/joda-time-2.10.10.jar:/Users/naufalazhar/.m2/repository/org/apache/commons/commons-lang3/3.12.0/commons-lang3-3.12.0.jar:/Users/naufalazhar/.m2/repository/commons-io/commons-io/2.7/commons-io-2.7.jar:/Users/naufalazhar/.m2/repository/org/codehaus/plexus/plexus-utils/3.3.0/plexus-utils-3.3.0.jar:/Users/naufalazhar/.m2/repository/com/googlecode/owasp-java-html-sanitizer/owasp-java-html-sanitizer/20211018.2/owasp-java-html-sanitizer-20211018.2.jar:/Users/naufalazhar/.m2/repository/commons-configuration/commons-configuration/1.10/commons-configuration-1.10.jar:/Users/naufalazhar/.m2/repository/commons-lang/commons-lang/2.6/commons-lang-2.6.jar:/Users/naufalazhar/.m2/repository/net/masterthought/maven-cucumber-reporting/5.7.4/maven-cucumber-reporting-5.7.4.jar:/Users/naufalazhar/.m2/repository/org/apache/maven/maven-plugin-api/3.8.6/maven-plugin-api-3.8.6.jar:/Users/naufalazhar/.m2/repository/org/apache/maven/maven-model/3.8.6/maven-model-3.8.6.jar:/Users/naufalazhar/.m2/repository/org/apache/maven/maven-artifact/3.8.6/maven-artifact-3.8.6.jar:/Users/naufalazhar/.m2/repository/org/eclipse/sisu/org.eclipse.sisu.plexus/0.3.5/org.eclipse.sisu.plexus-0.3.5.jar:/Users/naufalazhar/.m2/repository/javax/annotation/javax.annotation-api/1.2/javax.annotation-api-1.2.jar:/Users/naufalazhar/.m2/repository/org/eclipse/sisu/org.eclipse.sisu.inject/0.3.5/org.eclipse.sisu.inject-0.3.5.jar:/Users/naufalazhar/.m2/repository/org/codehaus/plexus/plexus-component-annotations/1.5.5/plexus-component-annotations-1.5.5.jar:/Users/naufalazhar/.m2/repository/org/codehaus/plexus/plexus-classworlds/2.6.0/plexus-classworlds-2.6.0.jar:"/>
    <property name="sun.cpu.endian" value="little"/>
    <property name="user.home" value="/Users/naufalazhar"/>
    <property name="user.language" value="en"/>
    <property name="java.specification.vendor" value="Oracle Corporation"/>
    <property name="java.version.date" value="2023-01-17"/>
    <property name="java.home" value="/Library/Java/JavaVirtualMachines/jdk-19.jdk/Contents/Home"/>
    <property name="file.separator" value="/"/>
    <property name="basedir" value="/Users/naufalazhar/Documents/NAUFAL_AZHAR/ECLIPSE/WORK_SPACE/LOGIN"/>
    <property name="java.vm.compressedOopsMode" value="Zero based"/>
    <property name="line.separator" value="&#10;"/>
    <property name="java.vm.specification.vendor" value="Oracle Corporation"/>
    <property name="java.specification.name" value="Java Platform API Specification"/>
    <property name="apple.awt.application.name" value="ForkedBooter"/>
    <property name="surefire.real.class.path" value="/Users/naufalazhar/Documents/NAUFAL_AZHAR/ECLIPSE/WORK_SPACE/LOGIN/target/surefire/surefirebooter-20230302131426285_3.jar"/>
    <property name="sun.management.compiler" value="HotSpot 64-Bit Tiered Compilers"/>
    <property name="ftp.nonProxyHosts" value="local|*.local|169.254/16|*.169.254/16"/>
    <property name="java.runtime.version" value="19.0.2+7-44"/>
    <property name="user.name" value="naufalazhar"/>
    <property name="stdout.encoding" value="UTF-8"/>
    <property name="path.separator" value=":"/>
    <property name="os.version" value="13.2.1"/>
    <property name="java.runtime.name" value="Java(TM) SE Runtime Environment"/>
    <property name="file.encoding" value="UTF-8"/>
    <property name="java.vm.name" value="Java HotSpot(TM) 64-Bit Server VM"/>
    <property name="localRepository" value="/Users/naufalazhar/.m2/repository"/>
    <property name="java.vendor.url.bug" value="https://bugreport.java.com/bugreport/"/>
    <property name="java.io.tmpdir" value="/var/folders/zg/jrx_1j2j5638r26qrm1ptmkw0000gn/T/"/>
    <property name="java.version" value="19.0.2"/>
    <property name="user.dir" value="/Users/naufalazhar/Documents/NAUFAL_AZHAR/ECLIPSE/WORK_SPACE/LOGIN"/>
    <property name="os.arch" value="aarch64"/>
    <property name="java.vm.specification.name" value="Java Virtual Machine Specification"/>
    <property name="native.encoding" value="UTF-8"/>
    <property name="java.library.path" value="/Users/naufalazhar/Library/Java/Extensions:/Library/Java/Extensions:/Network/Library/Java/Extensions:/System/Library/Java/Extensions:/usr/lib/java:."/>
    <property name="java.vm.info" value="mixed mode, sharing"/>
    <property name="stderr.encoding" value="UTF-8"/>
    <property name="java.vendor" value="Oracle Corporation"/>
    <property name="java.vm.version" value="19.0.2+7-44"/>
    <property name="sun.io.unicode.encoding" value="UnicodeBig"/>
    <property name="socksNonProxyHosts" value="local|*.local|169.254/16|*.169.254/16"/>
    <property name="java.class.version" value="63.0"/>
  </properties>
</testsuite>