<?xml version="1.0" encoding="UTF-8"?>
<!-- Generated by org.testng.reporters.JUnitReportReporter -->
<testsuite hostname="NAUFAL-AZHAR" failures="0" tests="2" name="StepDefinitions.ExtendReportDemoTestNG" time="5.213" errors="0" timestamp="2023-01-09T13:50:10 WIB" skipped="0">
  <testcase classname="StepDefinitions.ExtendReportDemoTestNG" name="test02" time="0.002"/>
  <system-out/>
  <testcase classname="StepDefinitions.ExtendReportDemoTestNG" name="test01" time="5.211"/>
  <system-out/>
</testsuite> <!-- StepDefinitions.ExtendReportDemoTestNG -->
