<?xml version="1.0" encoding="UTF-8"?>
<!-- Generated by org.testng.reporters.JUnitReportReporter -->
<testsuite hostname="NAUFAL-AZHAR" failures="0" tests="1" name="StepDefinitions.TestNG_demo" time="29.967" errors="0" timestamp="2023-01-09T12:32:51 WIB" skipped="0">
  <testcase classname="StepDefinitions.TestNG_demo" name="user_is_on_google_search_page" time="29.967"/>
  <system-out/>
</testsuite> <!-- StepDefinitions.TestNG_demo -->
