<?xml version="1.0" encoding="UTF-8"?>
<!-- Generated by org.testng.reporters.JUnitReportReporter -->
<testsuite hostname="NAUFAL-AZHAR" failures="0" tests="1" name="StepDefinitions.LoginDemoTestNG" time="11.484" errors="0" timestamp="2023-01-09T12:32:51 WIB" skipped="0">
  <testcase classname="StepDefinitions.LoginDemoTestNG" name="user_is_on_login_page1" time="11.484"/>
  <system-out/>
</testsuite> <!-- StepDefinitions.LoginDemoTestNG -->
