<?xml version="1.0" encoding="UTF-8"?>
<!-- Generated by org.testng.reporters.JUnitReportReporter -->
<testsuite hostname="NAUFAL-AZHAR" failures="0" tests="1" name="StepDefinitions.TestNG_demo2" time="5.334" errors="0" timestamp="2023-01-08T01:28:00 WIB" skipped="0">
  <testcase classname="StepDefinitions.TestNG_demo2" name="user_is_on_google_search_page" time="5.334"/>
  <system-out/>
</testsuite> <!-- StepDefinitions.TestNG_demo2 -->
